('Threads to process :', '2')
[INFO/Consumer 1] child process calling self.run()
('Consumer 1', 'Starting')
[INFO/Consumer 2] child process calling self.run()
('Consumer 2', 'Starting')
('Executed dataset for  Consumer 1', 10.583793878555298, 'rows:', 15001)
('Consumer 2', 'Exiting now')
('Consumer 1', 'Exiting now')
('Executed dataset for  Consumer 2', 12.01667308807373, 'rows:', 6912)
('Consumer 2', 'Starting')
('Executed dataset for  Consumer 1', 13.147847890853882, 'rows:', 11231)
('Consumer 1', 'Starting')
('Consumer 2', '(E'xCiotnisnugm enro w1''), '
Exiting now')
('Consumer 2', 'Starting')
('Consumer 1', 'Starting')
('Consumer 2', 'Exiting now')
('Consumer 1', 'Exiting now')
('Consumer 2', 'Starting')
('Consumer 1', 'Starting')
('Consumer 1', 'Exiting now')
('Consumer 2', 'Exiting now')
('Consumer 1', 'Starting')
('Consumer 2', 'Starting')
('Consumer 2', 'Exiting now')
('Consumer 1', 'Exiting now')
('Consumer 2', 'Starting')
('Consumer 1', 'Starting')
('Consumer 1', 'Exiting now')
('Consumer 1', 'Starting')
('Consumer 2', 'Exiting now')
('Consumer 2', 'Starting')
('Consumer 1', 'Exiting now')
('Consumer 1', 'Starting')
('Consumer 2', 'Exiting now')
('Consumer 2', 'Starting')
('Consumer 1', 'Exiting now')
('Consumer 1', 'Starting')
('Consumer 2', 'Exiting now')
('Consumer 2', 'Starting')
('Consumer 1', 'Exiting now')
('Consumer 1', 'Starting')
('Consumer 2', 'Exiting now')
('Consumer 2', 'Starting')
('Consumer 1', 'Exiting now')
('Consumer 1', 'Starting')
('Consumer 2', 'Exiting now')
('Consumer 2', 'Starting')
