('Executed dataset in ', 10.429778099060059, 'rows:', 5001)
('Executed dataset in ', 14.631416082382202, 'rows:', 5001)
('Executed dataset in ', 20.663541078567505, 'rows:', 5001)
('Executed dataset in ', 24.828967094421387, 'rows:', 5001)
('Executed dataset in ', 27.393041133880615, 'rows:', 5001)
('Executed dataset in ', 29.714010000228882, 'rows:', 5001)
('Executed dataset in ', 32.386950969696045, 'rows:', 5001)
('Executed dataset in ', 34.85790205001831, 'rows:', 5001)
('Executed dataset in ', 37.251676082611084, 'rows:', 5001)
('Executed dataset in ', 39.76997995376587, 'rows:', 5001)
('Executed dataset in ', 42.037944078445435, 'rows:', 5001)
('Executed dataset in ', 49.25181794166565, 'rows:', 5001)
('Executed dataset in ', 51.612614154815674, 'rows:', 5001)
('Executed dataset in ', 54.456417083740234, 'rows:', 5001)
('Executed dataset in ', 56.814115047454834, 'rows:', 5001)
('Executed dataset in ', 59.70969295501709, 'rows:', 5001)
('Executed dataset in ', 62.08623909950256, 'rows:', 5001)
('Executed dataset in ', 64.93374013900757, 'rows:', 5001)
('Executed dataset in ', 67.33940005302429, 'rows:', 5001)
('Executed dataset in ', 69.7733371257782, 'rows:', 5001)
('Executed dataset in ', 72.20215511322021, 'rows:', 5001)
('Executed dataset in ', 75.04440999031067, 'rows:', 5001)
('Executed dataset in ', 77.36422896385193, 'rows:', 5001)
('Executed dataset in ', 80.0107741355896, 'rows:', 5001)
('Executed dataset in ', 82.2219090461731, 'rows:', 5001)
('Executed dataset in ', 84.52346110343933, 'rows:', 5001)
('Executed dataset in ', 86.60514402389526, 'rows:', 5001)
('Executed dataset in ', 89.07274293899536, 'rows:', 5001)
('Executed dataset in ', 91.21948003768921, 'rows:', 5001)
('Executed dataset in ', 93.85896396636963, 'rows:', 5001)
('Executed dataset in ', 95.97967195510864, 'rows:', 5001)
('Executed dataset in ', 98.40911316871643, 'rows:', 5001)
('Executed dataset in ', 100.67223715782166, 'rows:', 5001)
('Executed dataset in ', 102.95197296142578, 'rows:', 5001)
('Executed dataset in ', 105.02589917182922, 'rows:', 5001)
('Executed dataset in ', 107.13962006568909, 'rows:', 5001)
('Executed dataset in ', 109.4601149559021, 'rows:', 5001)
('Executed dataset in ', 111.5014750957489, 'rows:', 5001)
('Executed dataset in ', 113.90395307540894, 'rows:', 5001)
('Executed dataset in ', 115.90562105178833, 'rows:', 5001)
('Executed dataset in ', 118.20168995857239, 'rows:', 5001)
('Executed dataset in ', 120.27545809745789, 'rows:', 5001)
('Executed dataset in ', 123.50364017486572, 'rows:', 5001)
('Executed dataset in ', 125.6467010974884, 'rows:', 5001)
('Executed dataset in ', 127.67358899116516, 'rows:', 5001)
('Executed dataset in ', 130.2124969959259, 'rows:', 5001)
('Executed dataset in ', 132.43143606185913, 'rows:', 5001)
('Executed dataset in ', 134.6834659576416, 'rows:', 5001)
('Executed dataset in ', 136.84886813163757, 'rows:', 5001)
('Executed dataset in ', 139.23412108421326, 'rows:', 5001)
('Executed dataset in ', 141.4605610370636, 'rows:', 5001)
('Executed dataset in ', 144.33111214637756, 'rows:', 5001)
('Executed dataset in ', 146.37355208396912, 'rows:', 5001)
('Executed dataset in ', 148.74128699302673, 'rows:', 5001)
('Executed dataset in ', 150.85450315475464, 'rows:', 5001)
('Executed dataset in ', 153.37563705444336, 'rows:', 5001)
('Executed dataset in ', 155.68590211868286, 'rows:', 5001)
('Executed dataset in ', 157.95857214927673, 'rows:', 5001)
('Executed dataset in ', 160.03873801231384, 'rows:', 5001)
('Executed dataset in ', 162.265958070755, 'rows:', 5001)
('Executed dataset in ', 164.2191879749298, 'rows:', 5001)
('Executed dataset in ', 166.6467480659485, 'rows:', 5001)
('Executed dataset in ', 168.81033611297607, 'rows:', 5001)
('Executed dataset in ', 171.31524205207825, 'rows:', 5001)
('Executed dataset in ', 173.5356960296631, 'rows:', 5001)
Exiting now
('Executed dataset in ', 189.9519600868225, 'rows:', 2912)
Sleeping for 5
Exiting now
Sleeping for 5
Exiting now
Sleeping for 5
Exiting now
Sleeping for 5
Exiting now
Sleeping for 5
Exiting now
Sleeping for 5
Exiting now
Sleeping for 5
Exiting now
Sleeping for 5
Exiting now
Sleeping for 5
Exiting now
Sleeping for 5
Exiting now
Sleeping for 5
Exiting now
Sleeping for 5
Exiting now
Sleeping for 5
Exiting now
Sleeping for 5
Exiting now
Sleeping for 5
Exiting now
Sleeping for 5
Exiting now
Sleeping for 5
Exiting now
Sleeping for 5
Exiting now
Sleeping for 5
Exiting now
Sleeping for 5
Exiting now
Sleeping for 5
Exiting now
Sleeping for 5
Exiting now
Sleeping for 5
Exiting now
Sleeping for 5
Exiting now
Sleeping for 5
Exiting now
Sleeping for 5
Exiting now
Sleeping for 5
Exiting now
Sleeping for 5
Exiting now
Sleeping for 5
Exiting now
Sleeping for 5
Exiting now
Sleeping for 5
Exiting now
Sleeping for 5
Exiting now
Sleeping for 5
Exiting now
Sleeping for 5
Exiting now
Sleeping for 5
Exiting now
Sleeping for 5
Exiting now
Sleeping for 5
Exiting now
Sleeping for 5
Exiting now
Sleeping for 5
Exiting now
Sleeping for 5
Exiting now
Sleeping for 5
('Executed dataset in ', 1020.463387966156, 'rows:', 5001)
('Executed dataset in ', 1025.5015060901642, 'rows:', 5001)
('Executed dataset in ', 1029.3309581279755, 'rows:', 5001)
('Executed dataset in ', 1033.012612104416, 'rows:', 5001)
('Executed dataset in ', 1035.4655449390411, 'rows:', 5001)
('Executed dataset in ', 1038.0314979553223, 'rows:', 5001)
('Executed dataset in ', 1040.4586980342865, 'rows:', 5001)
('Executed dataset in ', 1042.9564700126648, 'rows:', 5001)
('Executed dataset in ', 1045.2959051132202, 'rows:', 5001)
('Executed dataset in ', 1047.4978699684143, 'rows:', 5001)
('Executed dataset in ', 1050.1735360622406, 'rows:', 5001)
('Executed dataset in ', 1052.3464741706848, 'rows:', 5001)
('Executed dataset in ', 1054.5933861732483, 'rows:', 5001)
('Executed dataset in ', 1056.7018330097198, 'rows:', 5001)
('Executed dataset in ', 1058.9246051311493, 'rows:', 5001)
('Executed dataset in ', 1061.0242700576782, 'rows:', 5001)
('Executed dataset in ', 1063.2648680210114, 'rows:', 5001)
('Executed dataset in ', 1065.2013709545135, 'rows:', 5001)
('Executed dataset in ', 1067.807058095932, 'rows:', 5001)
('Executed dataset in ', 1070.1484670639038, 'rows:', 5001)
('Executed dataset in ', 1072.674544095993, 'rows:', 5001)
('Executed dataset in ', 1074.9646739959717, 'rows:', 5001)
('Executed dataset in ', 1077.659336090088, 'rows:', 5001)
('Executed dataset in ', 1080.4085431098938, 'rows:', 5001)
('Executed dataset in ', 1083.055830001831, 'rows:', 5001)
('Executed dataset in ', 1085.7484941482544, 'rows:', 5001)
('Executed dataset in ', 1088.1027059555054, 'rows:', 5001)
('Executed dataset in ', 1090.4187541007996, 'rows:', 5001)
('Executed dataset in ', 1093.2941219806671, 'rows:', 5001)
('Executed dataset in ', 1095.6111409664154, 'rows:', 5001)
('Executed dataset in ', 1097.9301509857178, 'rows:', 5001)
('Executed dataset in ', 1100.0302891731262, 'rows:', 5001)
('Executed dataset in ', 1102.5716300010681, 'rows:', 5001)
('Executed dataset in ', 1104.7422909736633, 'rows:', 5001)
('Executed dataset in ', 1107.0636849403381, 'rows:', 5001)
('Executed dataset in ', 1109.2000739574432, 'rows:', 5001)
('Executed dataset in ', 1111.557762145996, 'rows:', 5001)
('Executed dataset in ', 1113.716411113739, 'rows:', 5001)
('Executed dataset in ', 1117.351623058319, 'rows:', 5001)
('Executed dataset in ', 1119.4559080600739, 'rows:', 5001)
('Executed dataset in ', 1121.9962310791016, 'rows:', 5001)
('Executed dataset in ', 1124.0704171657562, 'rows:', 5001)
('Executed dataset in ', 1126.468721151352, 'rows:', 5001)
('Executed dataset in ', 1128.808382987976, 'rows:', 5001)
('Executed dataset in ', 1131.180673122406, 'rows:', 5001)
('Executed dataset in ', 1133.3898990154266, 'rows:', 5001)
('Executed dataset in ', 1135.6904230117798, 'rows:', 5001)
('Executed dataset in ', 1137.9030690193176, 'rows:', 5001)
('Executed dataset in ', 1140.2333719730377, 'rows:', 5001)
('Executed dataset in ', 1142.7405519485474, 'rows:', 5001)
('Executed dataset in ', 1144.7650029659271, 'rows:', 5001)
('Executed dataset in ', 1146.9869091510773, 'rows:', 5001)
('Executed dataset in ', 1149.1018159389496, 'rows:', 5001)
('Executed dataset in ', 1151.3469829559326, 'rows:', 5001)
('Executed dataset in ', 1153.5095520019531, 'rows:', 5001)
('Executed dataset in ', 1157.565906047821, 'rows:', 5001)
('Executed dataset in ', 1159.633306980133, 'rows:', 5001)
('Executed dataset in ', 1162.3245079517365, 'rows:', 5001)
('Executed dataset in ', 1164.5669090747833, 'rows:', 5001)
('Executed dataset in ', 1166.7746450901031, 'rows:', 5001)
('Executed dataset in ', 1168.7978579998016, 'rows:', 5001)
('Executed dataset in ', 1171.7619531154633, 'rows:', 5001)
('Executed dataset in ', 1173.9855830669403, 'rows:', 5001)
('Executed dataset in ', 1176.4623911380768, 'rows:', 5001)
('Executed dataset in ', 1178.5641541481018, 'rows:', 5001)
Exiting now
('Executed dataset in ', 1194.908348083496, 'rows:', 2565)
Sleeping for 5
Exiting now
Sleeping for 5
Exiting now
Sleeping for 5
Exiting now
Sleeping for 5
Exiting now
Sleeping for 5
Exiting now
Sleeping for 5
Exiting now
Sleeping for 5
Exiting now
Sleeping for 5
Exiting now
Sleeping for 5
Exiting now
Sleeping for 5
Exiting now
Sleeping for 5
Exiting now
Sleeping for 5
Exiting now
Sleeping for 5
Exiting now
Sleeping for 5
Exiting now
Sleeping for 5
Exiting now
Sleeping for 5
Exiting now
Sleeping for 5
Exiting now
Sleeping for 5
Exiting now
Sleeping for 5
Exiting now
Sleeping for 5
Exiting now
Sleeping for 5
Exiting now
Sleeping for 5
Exiting now
Sleeping for 5
Exiting now
Sleeping for 5
Exiting now
Sleeping for 5
Exiting now
Sleeping for 5
Exiting now
Sleeping for 5
Exiting now
Sleeping for 5
Exiting now
Sleeping for 5
Exiting now
Sleeping for 5
Exiting now
Sleeping for 5
Exiting now
Sleeping for 5
Exiting now
Sleeping for 5
Exiting now
Sleeping for 5
Exiting now
Sleeping for 5
Exiting now
Sleeping for 5
Exiting now
Sleeping for 5
Exiting now
Sleeping for 5
Traceback (most recent call last):
  File "kafka_raw_data_consumer.py", line 35, in <module>
    main()
  File "kafka_raw_data_consumer.py", line 30, in main
    Consumer()
  File "kafka_raw_data_consumer.py", line 9, in Consumer
    consumer = KafkaConsumer('topic-weather-data',group_id='consumer-weather-data',bootstrap_servers=['vm1:9092'],consumer_timeout_ms=15000,heartbeat_interval_ms=1000)
  File "/home/siyer/projects/xw1/venv/lib/python2.7/site-packages/kafka/consumer/group.py", line 284, in __init__
    self._client = KafkaClient(metrics=self._metrics, **self.config)
  File "/home/siyer/projects/xw1/venv/lib/python2.7/site-packages/kafka/client_async.py", line 202, in __init__
    self.config['api_version'] = self.check_version(timeout=check_timeout)
  File "/home/siyer/projects/xw1/venv/lib/python2.7/site-packages/kafka/client_async.py", line 791, in check_version
    raise Errors.NoBrokersAvailable()
kafka.errors.NoBrokersAvailable: NoBrokersAvailable
